"../../../Paixonyte/Content/lambert1.uasset" 0
"../../../Paixonyte/Content/disk.uasset" 1
"../../../Paixonyte/Content/doorframe.uasset" 2
"../../../Paixonyte/Content/book.uasset" 3
"../../../Paixonyte/Content/m_wall.uasset" 4
"../../../Paixonyte/Content/corner.uasset" 5
"../../../Paixonyte/Content/Classroom_Noise.uasset" 6
"../../../Paixonyte/Content/floor_tile.uasset" 7
"../../../Paixonyte/Content/box.uasset" 8
"../../../Paixonyte/Content/door.uasset" 9
"../../../Paixonyte/Content/Mannequin/Character/Mesh/UE4_Mannequin_Skeleton.uasset" 10
"../../../Paixonyte/Content/Mannequin/Animations/ThirdPersonJump_End.uasset" 11
"../../../Paixonyte/Content/StartScreen/LOGO-PAIXONYTE.uasset" 12
"../../../Paixonyte/Content/StartScreen/NewMediaPlayer.uasset" 13
"../../../Paixonyte/Content/StartScreen/NewMediaPlayer_Video.uasset" 14
"../../../Paixonyte/Content/StartScreen/NewMediaPlayer_Video_Mat.uasset" 15
"../../../Paixonyte/Content/Geometry/Meshes/CubeMaterial.uasset" 16
"../../../Paixonyte/Content/Geometry/Meshes/1M_Cube_Chamfer.uasset" 17
"../../../Engine/Content/EditorMeshes/ColorCalibrator/T_ColorGrid.uasset" 18
"../../../Paixonyte/Content/StarterContent/Materials/M_ColorGrid_LowSpec.uasset" 19
"../../../Paixonyte/Content/StarterContent/Audio/Explosion_Cue.uasset" 20
"../../../Paixonyte/Content/StarterContent/Textures/T_Burst_M.uasset" 21
"../../../Paixonyte/Content/StarterContent/Particles/Materials/M_Burst.uasset" 22
"../../../Paixonyte/Content/StarterContent/Textures/T_Explosion_SubUV.uasset" 23
"../../../Paixonyte/Content/StarterContent/Particles/Materials/M_explosion_subUV.uasset" 24
"../../../Paixonyte/Content/StarterContent/Particles/Materials/m_flare_01.uasset" 25
"../../../Engine/Content/Functions/Engine_MaterialFunctions01/Gradient/RadialGradient.uasset" 26
"../../../Paixonyte/Content/StarterContent/Particles/Materials/M_radial_ramp.uasset" 27
"../../../Paixonyte/Content/StarterContent/Textures/T_Smoke_SubUV.uasset" 28
"../../../Paixonyte/Content/StarterContent/Textures/T_Smoke_Tiled_D.uasset" 29
"../../../Paixonyte/Content/StarterContent/Particles/Materials/M_smoke_subUV.uasset" 30
"../../../Paixonyte/Content/StarterContent/Particles/P_Explosion.uasset" 31
"../../../Paixonyte/Content/StarterContent/Blueprints/Blueprint_Effect_Explosion.uasset" 32
"../../../Paixonyte/Content/StarterContent/Materials/M_Glass.uasset" 33
"../../../Paixonyte/Content/StarterContent/Textures/T_Door_M.uasset" 34
"../../../Paixonyte/Content/StarterContent/Textures/T_Door_N.uasset" 35
"../../../Paixonyte/Content/StarterContent/Props/Materials/M_Door.uasset" 36
"../../../Paixonyte/Content/StarterContent/Props/SM_Door.uasset" 37
"../../../Paixonyte/Content/StarterContent/Props/Materials/M_MaterialSphere.uasset" 38
"../../../Paixonyte/Content/StarterContent/Props/Materials/M_MaterialSphere_Plain.uasset" 39
"../../../Paixonyte/Content/StarterContent/Props/SM_MatPreviewMesh_02.uasset" 40
"../../../Paixonyte/Content/StarterContent/Textures/T_Chair_M.uasset" 41
"../../../Paixonyte/Content/StarterContent/Textures/T_Chair_N.uasset" 42
"../../../Paixonyte/Content/StarterContent/Props/Materials/M_Chair.uasset" 43
"../../../Paixonyte/Content/StarterContent/Props/SM_Couch.uasset" 44
"../../../Paixonyte/Content/StarterContent/Textures/T_Shelf_M.uasset" 45
"../../../Paixonyte/Content/StarterContent/Textures/T_Shelf_N.uasset" 46
"../../../Paixonyte/Content/StarterContent/Props/Materials/M_Shelf.uasset" 47
"../../../Paixonyte/Content/StarterContent/Props/SM_Shelf.uasset" 48
"../../../Engine/Content/Functions/Engine_MaterialFunctions02/Utility/BlendAngleCorrectedNormals.uasset" 49
"../../../Paixonyte/Content/StarterContent/Textures/T_Detail_Rocky_N.uasset" 50
"../../../Paixonyte/Content/StarterContent/Textures/T_Rock_Basalt_D.uasset" 51
"../../../Paixonyte/Content/StarterContent/Textures/T_RockMesh_M.uasset" 52
"../../../Paixonyte/Content/StarterContent/Textures/T_RockMesh_N.uasset" 53
"../../../Paixonyte/Content/StarterContent/Props/Materials/M_Rock.uasset" 54
"../../../Paixonyte/Content/StarterContent/Props/SM_Rock.uasset" 55
"../../../Paixonyte/Content/StarterContent/Materials/M_Basic_Floor.uasset" 56
"../../../Paixonyte/Content/StarterContent/Materials/M_Basic_Wall.uasset" 57
"../../../Paixonyte/Content/StarterContent/Props/SM_Stairs.uasset" 58
"../../../Paixonyte/Content/StarterContent/Textures/T_Bush_D.uasset" 59
"../../../Paixonyte/Content/StarterContent/Textures/T_Bush_N.uasset" 60
"../../../Paixonyte/Content/StarterContent/Props/Materials/M_Bush.uasset" 61
"../../../Paixonyte/Content/StarterContent/Props/SM_Bush.uasset" 62
"../../../Paixonyte/Content/StarterContent/Shapes/Shape_Wedge_A.uasset" 63
"../../../Paixonyte/Content/StarterContent/Shapes/Shape_WideCapsule.uasset" 64
"../../../Paixonyte/Content/StarterContent/Shapes/Shape_Tube.uasset" 65
"../../../Paixonyte/Content/StarterContent/Shapes/Shape_Cylinder.uasset" 66
"../../../Paixonyte/Content/StarterContent/Shapes/Shape_TriPyramid.uasset" 67
"../../../Paixonyte/Content/StarterContent/Shapes/Shape_Trim.uasset" 68
"../../../Paixonyte/Content/StarterContent/Shapes/Shape_Plane.uasset" 69
"../../../Paixonyte/Content/StarterContent/Shapes/Shape_Trim_90_Out.uasset" 70
"../../../Paixonyte/Content/StarterContent/Shapes/Shape_Pipe_90.uasset" 71
"../../../Paixonyte/Content/StarterContent/Shapes/Shape_Pipe_180.uasset" 72
"../../../Paixonyte/Content/StarterContent/Shapes/Shape_Pipe.uasset" 73
"../../../Paixonyte/Content/StarterContent/Shapes/Shape_Cone.uasset" 74
"../../../Paixonyte/Content/StarterContent/Shapes/Shape_Wedge_B.uasset" 75
"../../../Paixonyte/Content/StarterContent/Shapes/Shape_NarrowCapsule.uasset" 76
"../../../Paixonyte/Content/StarterContent/Shapes/Shape_Trim_90_In.uasset" 77
"../../../Paixonyte/Content/StarterContent/Shapes/Shape_Torus.uasset" 78
"../../../Paixonyte/Content/StarterContent/Architecture/Wall_Door_400x400.uasset" 79
"../../../Paixonyte/Content/StarterContent/Architecture/Wall_400x400.uasset" 80
"../../../Paixonyte/Content/StarterContent/Architecture/Wall_500x500.uasset" 81
"../../../Paixonyte/Content/StarterContent/Architecture/Pillar_50x500.uasset" 82
"../../../Paixonyte/Content/StarterContent/Architecture/Wall_400x300.uasset" 83
"../../../Paixonyte/Content/StarterContent/Architecture/Wall_Window_400x400.uasset" 84
"../../../Paixonyte/Content/StarterContent/Audio/Light02_Cue.uasset" 85
"../../../Paixonyte/Content/StarterContent/Audio/Light01_Cue.uasset" 86
"../../../Engine/Content/Functions/Engine_MaterialFunctions01/Density/ExponentialDensity.uasset" 87
"../../../Engine/Content/Functions/Engine_MaterialFunctions01/Gradient/RadialGradientExponential.uasset" 88
"../../../Paixonyte/Content/TopDownBP/Blueprints/M_Cursor_Decal.uasset" 89
"../../../Engine/Content/Maps/Templates/Thumbnails/Default.uasset" 90
"../../../Engine/Content/Maps/Templates/Thumbnails/VR-Basic.uasset" 91
"../../../Engine/Content/MobileResources/T_MobileControls_texture.uasset" 92
"../../../Engine/Content/MobileResources/T_MobileMenu2.uasset" 93
"../../../Engine/Content/MobileResources/HUD/MobileHUDDirectionPad3.uasset" 94
"../../../Engine/Content/MobileResources/HUD/MobileHUDButton2_off.uasset" 95
"../../../Engine/Content/MobileResources/HUD/MobileHUDButton3.uasset" 96
"../../../Engine/Content/MobileResources/HUD/T_Castle_ThumbstickInner.uasset" 97
"../../../Engine/Content/MobileResources/HUD/MobileHUDDirectionStick.uasset" 98
"../../../Engine/Content/MobileResources/HUD/VirtualJoystick_Background.uasset" 99
"../../../Engine/Content/MobileResources/HUD/VirtualJoystick_Thumb.uasset" 100
"../../../Engine/Content/MobileResources/HUD/DefaultVirtualJoysticks.uasset" 101
"../../../Engine/Content/MobileResources/HUD/T_Castle_ThumbstickOutter.uasset" 102
"../../../Engine/Content/MobileResources/HUD/MobileHUDButton2_on.uasset" 103
"../../../Engine/Content/MobileResources/HUD/MobileHUDDirectionPad2.uasset" 104
"../../../Engine/Content/MobileResources/HUD/MobileHUDDirectionPad.uasset" 105
"../../../Engine/Content/MobileResources/HUD/AnalogHat.uasset" 106
"../../../Engine/Content/MobileResources/HUD/MobileHUDButton1_on.uasset" 107
"../../../Engine/Content/MobileResources/HUD/MobileHUDButtonFire.uasset" 108
"../../../Engine/Content/MobileResources/HUD/LeftVirtualJoystickOnly.uasset" 109
"../../../Engine/Content/MobileResources/HUD/MobileHUDButton1_off.uasset" 110
"../../../Engine/Content/Tutorial/ContentIntroCurve.uasset" 111
"../../../Engine/Content/Tutorial/Basics/TutorialAssets/icon_tab_Levels_40x.uasset" 112
"../../../Engine/Content/Tutorial/SubEditors/TutorialAssets/icon_ShowSkeletalMeshes_40x.uasset" 113
"../../../Engine/Content/Tutorial/SubEditors/TutorialAssets/icon_Editor_Preferences_General_40x.uasset" 114
"../../../Engine/Content/Tutorial/SubEditors/TutorialAssets/TutorialMaterial.uasset" 115
"../../../Engine/Content/Tutorial/SubEditors/TutorialAssets/T_SmokeSubUV_8X8.uasset" 116
"../../../Engine/Content/Tutorial/SubEditors/TutorialAssets/T_soft_smoke.uasset" 117
"../../../Engine/Content/Tutorial/SubEditors/TutorialAssets/M_smoke_subUV_blackbody.uasset" 118
"../../../Engine/Content/Tutorial/SubEditors/TutorialAssets/TutorialParticleSystem.uasset" 119
"../../../Engine/Content/Tutorial/Paper2D/TutorialAssets/Paper2DFlipbook_TutorialIcon.uasset" 120
"../../../Engine/Content/Tutorial/Paper2D/TutorialAssets/Paper2DSprite_TutorialIcon.uasset" 121
"../../../Engine/Content/Tutorial/BlueprintTutorials/TutorialAssets/BlueprintMacroLibrary_64x.uasset" 122
"../../../Engine/Content/Tutorial/BlueprintTutorials/TutorialAssets/Blueprint_64x.uasset" 123
"../../../Engine/Content/Tutorial/BlueprintTutorials/TutorialAssets/BlueprintInterface_64x.uasset" 124
"../../../Engine/Content/Tutorial/BlueprintTutorials/TutorialAssets/Tutorial_BP_Interface.uasset" 125
"../../../Engine/Content/Tutorial/Foliage/TutorialAssets/Foliage.uasset" 126
"../../../Engine/Content/Tutorial/Landscape/TutorialAssets/Landscape.uasset" 127
"../../../Engine/Content/EngineResources/DefaultTextureCube.uasset" 128
"../../../Engine/Content/EngineResources/DefaultTexture.uasset" 129
"../../../Engine/Content/EngineResources/Black.uasset" 130
"../../../Engine/Content/EngineResources/GradientTexture0.uasset" 131
"../../../Engine/Content/EditorLandscapeResources/DataLayer.uasset" 132
"../../../Engine/Content/EditorSounds/Notifications/CompileSuccess.uasset" 133
"../../../Engine/Content/EditorSounds/Notifications/CompileSuccess_Cue.uasset" 134
"../../../Engine/Content/EditorSounds/Notifications/CompileFailed.uasset" 135
"../../../Engine/Content/EditorSounds/Notifications/CompileFailed_Cue.uasset" 136
"../../../Engine/Content/EditorSounds/Notifications/CompileStart_Cue.uasset" 137
"../../../Engine/Content/EditorMaterials/Camera/CineMat.uasset" 138
"../../../Engine/Content/EditorMaterials/Camera/MI_CineMat_Rig.uasset" 139
"../../../Engine/Content/EditorMeshes/Camera/SM_CraneRig_Body.uasset" 140
"../../../Engine/Content/EditorMeshes/Camera/SM_RailRig_Mount.uasset" 141
"../../../Engine/Content/EditorMeshes/Camera/SM_CraneRig_Base.uasset" 142
"../../../Engine/Content/EditorMeshes/Camera/SM_CraneRig_Mount.uasset" 143
"../../../Engine/Content/EditorMeshes/Camera/SM_CraneRig_Arm.uasset" 144
"../../../Engine/Content/EditorMeshes/Camera/SM_RailRig_Track.uasset" 145
"../../../Engine/Content/EngineFonts/Faces/RobotoTiny.uasset" 146
"../../../Engine/Content/EngineFonts/RobotoTiny.uasset" 147
"../../../Engine/Content/EngineFonts/Faces/RobotoBold.uasset" 148
"../../../Engine/Content/EngineFonts/Faces/RobotoBoldItalic.uasset" 149
"../../../Engine/Content/EngineFonts/Faces/RobotoItalic.uasset" 150
"../../../Engine/Content/EngineFonts/Faces/RobotoLight.uasset" 151
"../../../Engine/Content/EngineFonts/Faces/RobotoRegular.uasset" 152
"../../../Engine/Content/EngineFonts/Roboto.uasset" 153
"../../../Engine/Content/EngineDamageTypes/DmgTypeBP_Environmental.uasset" 154
"../../../Engine/Content/EngineResources/WhiteSquareTexture.uasset" 155
"../../../Engine/Content/EngineMaterials/Widget3DPassThrough.uasset" 156
"../../../Engine/Content/EngineMaterials/Widget3DPassThrough_Masked.uasset" 157
"../../../Engine/Content/EngineMaterials/WeightMapPlaceholderTexture.uasset" 158
"../../../Engine/Content/EngineMaterials/Widget3DPassThrough_Translucent.uasset" 159
"../../../Engine/Content/EngineMaterials/Widget3DPassThrough_Translucent_OneSided.uasset" 160
"../../../Engine/Content/EngineMaterials/EditorBrushMaterial.uasset" 161
"../../../Engine/Content/Functions/Engine_MaterialFunctions02/WorldPositionOffset/CameraOffset.uasset" 162
"../../../Engine/Content/EngineMaterials/PhAT_JointLimitMaterial.uasset" 163
"../../../Engine/Content/EngineMaterials/Widget3DPassThrough_Opaque.uasset" 164
"../../../Engine/Content/EngineMaterials/Widget3DPassThrough_Masked_OneSided.uasset" 165
"../../../Engine/Content/EngineMaterials/Good64x64TilingNoiseHighFreq.uasset" 166
"../../../Engine/Content/EngineMaterials/DefaultBloomKernel.uasset" 167
"../../../Engine/Content/EngineMaterials/RemoveSurfaceMaterial.uasset" 168
"../../../Engine/Content/EngineMaterials/DefaultDiffuse.uasset" 169
"../../../Engine/Content/EngineMaterials/DefaultDeferredDecalMaterial.uasset" 170
"../../../Engine/Content/Functions/Engine_MaterialFunctions02/Utility/BreakOutFloat2Components.uasset" 171
"../../../Engine/Content/EngineMaterials/DefaultPostProcessMaterial.uasset" 172
"../../../Engine/Content/EngineMaterials/DefaultPhysicalMaterial.uasset" 173
"../../../Engine/Content/EngineMaterials/InvalidLightmapSettings.uasset" 174
"../../../Engine/Content/EngineMaterials/M_InvalidLightmapSettings.uasset" 175
"../../../Engine/Content/EngineFonts/RobotoDistanceField.uasset" 176
"../../../Engine/Content/EngineMaterials/DefaultTextMaterialOpaque.uasset" 177
"../../../Engine/Content/EngineMaterials/PreintegratedSkinBRDF.uasset" 178
"../../../Engine/Content/EngineMaterials/Widget3DPassThrough_Opaque_OneSided.uasset" 179
"../../../Engine/Content/EngineMaterials/DefaultBokeh.uasset" 180
"../../../Engine/Content/EngineMaterials/DefaultLightFunctionMaterial.uasset" 181
"../../../Engine/Content/EngineMaterials/MiniFont.uasset" 182
"../../../Engine/Content/EngineMaterials/DefaultWhiteGrid.uasset" 183
"../../../Engine/Content/EngineDebugMaterials/DebugEditorMaterial.uasset" 184
"../../../Engine/Content/EngineDebugMaterials/GeomMaterial.uasset" 185
"../../../Engine/Content/EngineDebugMaterials/HeatmapGradient.uasset" 186
"../../../Engine/Content/EngineDebugMaterials/BoneWeightMaterial.uasset" 187
"../../../Engine/Content/EngineDebugMaterials/ClothMaterial.uasset" 188
"../../../Engine/Content/EngineDebugMaterials/ClothMaterial_WF.uasset" 189
"../../../Engine/Content/EngineDebugMaterials/DebugMeshMaterial.uasset" 190
"../../../Engine/Content/EditorResources/S_Trigger.uasset" 191
"../../../Engine/Content/EditorResources/S_Actor.uasset" 192
"../../../Engine/Content/EditorResources/EmptyActor.uasset" 193
"../../../Engine/Content/EditorResources/BSPVertex.uasset" 194
"../../../Engine/Content/EditorResources/AudioIcons/S_AudioComponent_AutoActivate.uasset" 195
"../../../Engine/Content/EditorResources/AudioIcons/S_AudioComponent.uasset" 196
"../../../Engine/Content/EditorResources/LightIcons/S_LightError.uasset" 197
"../../../Engine/Content/Functions/Engine_MaterialFunctions01/Opacity/CameraDepthFade.uasset" 198
"../../../Engine/Content/EngineMaterials/T_Default_Material_Grid_M.uasset" 199
"../../../Engine/Content/EngineMaterials/T_Default_Material_Grid_N.uasset" 200
"../../../Engine/Content/EngineMaterials/DefaultMaterial.uasset" 201
"../../../Engine/Content/BasicShapes/Cone.uasset" 202
"../../../Engine/Content/BasicShapes/Cylinder.uasset" 203
"../../../Engine/Content/EngineMaterials/WorldGridMaterial.uasset" 204
"../../../Engine/Content/BasicShapes/Plane.uasset" 205
"../../../Engine/Content/BasicShapes/Sphere.uasset" 206
"../../../Engine/Content/Functions/Engine_MaterialFunctions01/Shading/ConvertFromDiffSpec.uasset" 207
"../../../Engine/Content/Functions/Engine_MaterialFunctions01/Shading/PowerToRoughness.uasset" 208
"../../../Engine/Content/EditorMaterials/PreviewShadowIndicator.uasset" 209
"../../../Engine/Content/EditorMaterials/PreviewShadowIndicatorMaterial.uasset" 210
"../../../Engine/Content/EditorMaterials/GizmoMaterial.uasset" 211
"../../../Engine/Content/EditorMaterials/MAT_Groups_Toggle.uasset" 212
"../../../Engine/Content/EditorMaterials/MAT_Groups_Visibility.uasset" 213
"../../../Engine/Content/EditorMaterials/ParticleSystems/PSysThumbnail_NoImage.uasset" 214
"../../../Engine/Content/EditorMaterials/ParticleSystems/PSysThumbnail_OOD.uasset" 215
"../../../Engine/Content/EditorMaterials/MatineeGroups/MAT_Groups_Vector.uasset" 216
"../../../Engine/Content/EditorMaterials/MatineeGroups/MAT_ColorTrack.uasset" 217
"../../../Engine/Content/EditorMaterials/MatineeGroups/MAT_Groups_AudioMaster.uasset" 218
"../../../Engine/Content/EditorMaterials/MatineeGroups/MAT_Groups_Sound.uasset" 219
"../../../Engine/Content/EditorMaterials/MatineeGroups/MAT_Groups_Float.uasset" 220
"../../../Engine/Content/EditorMaterials/MatineeGroups/MAT_Groups_Director.uasset" 221
"../../../Engine/Content/EditorMaterials/MatineeGroups/MAT_Groups_Move.uasset" 222
"../../../Engine/Content/EditorMaterials/MatineeGroups/MAT_Groups_Event.uasset" 223
"../../../Engine/Content/EditorMaterials/MatineeGroups/MAT_Groups_Fade.uasset" 224
"../../../Engine/Content/EditorMaterials/MatineeGroups/MAT_Groups_Anim.uasset" 225
"../../../Engine/Content/EditorMaterials/MatineeGroups/MAT_Groups_Slomo.uasset" 226
"../../../Engine/Content/EngineSounds/Master.uasset" 227
"../../../Engine/Content/EngineMeshes/Cube.uasset" 228
"../../../Engine/Content/EngineMeshes/Cylinder.uasset" 229
"../../../Engine/Content/EngineMeshes/Sphere.uasset" 230
"../../../Engine/Content/VREditor/UI/KeyDiskMaterial.uasset" 231
"../../../Engine/Content/VREditor/UI/DiscMaterial.uasset" 232
"../../../Engine/Content/VREditor/UI/SM_Radial_Disk.uasset" 233
"../../../Engine/Content/VREditor/FloatingText/LineMaterial.uasset" 234
"../../../Engine/Content/VREditor/FloatingText/JointSphere.uasset" 235
"../../../Engine/Content/VREditor/FloatingText/LineSegmentCylinder.uasset" 236
"../../../Engine/Content/Functions/Engine_MaterialFunctions02/Utility/BreakOutFloat3Components.uasset" 237
"../../../Engine/Content/Functions/Engine_MaterialFunctions02/Math/Transform3x3Matrix.uasset" 238
"../../../Engine/Content/Functions/Engine_MaterialFunctions02/SplitComponents.uasset" 239
"../../../Engine/Content/Functions/Engine_MaterialFunctions02/Utility/MakeFloat3.uasset" 240
"../../../Engine/Content/VREditor/SnapGrid/SnapGridMaterial.uasset" 241
"../../../Engine/Content/VREditor/SnapGrid/SnapGridPlaneMesh.uasset" 242
"../../../Engine/Content/VREditor/LaserPointer/VR_LaserPower_01.uasset" 243
"../../../Engine/Content/VREditor/TransformGizmo/TransformGizmoMaterial.uasset" 244
"../../../Engine/Content/VREditor/TransformGizmo/TranslucentTransformGizmoMaterial.uasset" 245
"../../../Engine/Content/VREditor/TransformGizmo/PlaneTranslationHandle.uasset" 246
"../../../Engine/Content/VREditor/TransformGizmo/TranslateArrowHandle.uasset" 247
"../../../Engine/Content/VREditor/TransformGizmo/Main.uasset" 248
"../../../Engine/Content/VREditor/TransformGizmo/Xray.uasset" 249
"../../../Engine/Content/VREditor/TransformGizmo/SM_Sequencer_Key.uasset" 250
"../../../Engine/Content/VREditor/TransformGizmo/TranslucentTransformGizmoMaterial_Inst.uasset" 251
"../../../Engine/Content/VREditor/TransformGizmo/TransformGizmoFreeRotation.uasset" 252
"../../../Engine/Content/VREditor/TransformGizmo/RotationHandleIndicator.uasset" 253
"../../../Engine/Content/VREditor/TransformGizmo/RotationHandleQuarter.uasset" 254
"../../../Engine/Content/VREditor/TransformGizmo/RotationHandleFull.uasset" 255
"../../../Engine/Content/VREditor/TransformGizmo/BoundingBoxCorner.uasset" 256
"../../../Engine/Content/VREditor/TransformGizmo/UniformScaleHandle.uasset" 257
"../../../Engine/Content/VREditor/TransformGizmo/SM_Dialog_Move.uasset" 258
"../../../Engine/Content/VREditor/TransformGizmo/SM_Dialog_Close.uasset" 259
"../../../Engine/Content/VREditor/TransformGizmo/TransformGizmoMaterial_Inst.uasset" 260
"../../../Engine/Content/VREditor/TransformGizmo/StartRotationHandleIndicator.uasset" 261
"../../../Engine/Content/VREditor/TransformGizmo/SM_Sequencer_Node.uasset" 262
"../../../Engine/Content/VREditor/TransformGizmo/BoundingBoxEdge.uasset" 263
"../../../Engine/Content/VREditor/WorldMovementGrid/GridPostProcess.uasset" 264
"../../../Engine/Content/VREditor/WorldMovementGrid/SimpleGrid.uasset" 265
"../../../Engine/Content/VREditor/WorldMovementGrid/GridMaterial.uasset" 266
"../../../Engine/Content/EditorLandscapeResources/FlattenHeightMat.uasset" 267
"../../../Engine/Content/VREditor/WorldMovementGrid/PlaneMesh.uasset" 268
"../../../Engine/Content/VREditor/Teleport/TeleportDirectionMaterial.uasset" 269
"../../../Engine/Content/VREditor/Teleport/TeleportDirectionMaterial_Inst.uasset" 270
"../../../Engine/Content/VREditor/Teleport/TeleportDirectionMesh.uasset" 271
"../../../Engine/Content/VREditor/Sounds/VR_teleport.uasset" 272
"../../../Engine/Content/VREditor/Sounds/UI/Teleport_Mode_Entered.uasset" 273
"../../../Engine/Content/VREditor/Sounds/UI/Dockable_Window_Open.uasset" 274
"../../../Engine/Content/VREditor/Sounds/UI/Drop_Item_From_ContentBrowser.uasset" 275
"../../../Engine/Content/VREditor/Sounds/UI/Scaling_Up.uasset" 276
"../../../Engine/Content/VREditor/Sounds/UI/Object_Snaps_To_Grid.uasset" 277
"../../../Engine/Content/VREditor/Sounds/UI/Radial_Menu_FadeOut.uasset" 278
"../../../Engine/Content/VREditor/Sounds/UI/Dockable_Window_Close.uasset" 279
"../../../Engine/Content/VREditor/Sounds/UI/Gizmo_Handle_Clicked.uasset" 280
"../../../Engine/Content/VREditor/Sounds/UI/Floating_UI_Open-001.uasset" 281
"../../../Engine/Content/VREditor/Sounds/UI/Click_on_Button_Cue.uasset" 282
"../../../Engine/Content/VREditor/Sounds/UI/Object_Snaps_To_Another_Actor.uasset" 283
"../../../Engine/Content/VREditor/Sounds/UI/Dockable_Window_Drop.uasset" 284
"../../../Engine/Content/VREditor/Sounds/UI/Selection_Changes.uasset" 285
"../../../Engine/Content/VREditor/Sounds/UI/Object_PickUp.uasset" 286
"../../../Engine/Content/VREditor/Sounds/UI/Dockable_Window_Pick_Up.uasset" 287
"../../../Engine/Content/VREditor/Sounds/UI/Scaling_Down.uasset" 288
"../../../Engine/Content/VREditor/LaserPointer/LaserPointerMaterial.uasset" 289
"../../../Engine/Content/VREditor/LaserPointer/LaserPointerMaterialInst.uasset" 290
"../../../Engine/Content/VREditor/LaserPointer/TranslucentLaserPointerMaterialInst.uasset" 291
"../../../Engine/Content/VREditor/LaserPointer/LaserPointerMesh_Start.uasset" 292
"../../../Engine/Content/VREditor/LaserPointer/LaserPointerMesh.uasset" 293
"../../../Engine/Content/VREditor/LaserPointer/CursorPointer.uasset" 294
"../../../Engine/Content/VREditor/LaserPointer/LaserPointerMesh_End.uasset" 295
"../../../Engine/Content/VREditor/LaserPointer/HoverMaterial.uasset" 296
"../../../Engine/Content/VREditor/LaserPointer/TranslucentHoverMaterial.uasset" 297
"../../../Engine/Content/VREditor/LaserPointer/HoverMesh.uasset" 298
"../../../Engine/Content/VREditor/Fonts/VRText_RobotoLarge.uasset" 299
"../../../Engine/Content/VREditor/Fonts/VRTextMaterial.uasset" 300
"../../../Engine/Content/VREditor/Fonts/TranslucentVRTextMaterial.uasset" 301
"../../../Engine/Content/VREditor/Devices/Generic/GenericHMDMaterial.uasset" 302
"../../../Engine/Content/VREditor/Devices/Generic/GenericHMD.uasset" 303
"../../../Engine/Content/Functions/Engine_MaterialFunctions01/Texturing/ScaleUVsByCenter.uasset" 304
"../../../Engine/Content/Functions/Engine_MaterialFunctions02/Utility/MakeFloat4.uasset" 305
"../../../Engine/Plugins/Runtime/AppleARKit/Content/ARKitCameraMaterial.uasset" 306
"../../../Engine/Plugins/2D/Paper2D/Content/DefaultSpriteMaterial.uasset" 307
"../../../Engine/Plugins/2D/Paper2D/Content/OpaqueUnlitSpriteMaterial.uasset" 308
"../../../Engine/Plugins/2D/Paper2D/Content/PlaceholderTextures/DummySpriteTexture.uasset" 309
"../../../Engine/Plugins/2D/Paper2D/Content/DummySprite.uasset" 310
"../../../Engine/Plugins/2D/Paper2D/Content/DefaultPaperTerrainMaterial.uasset" 311
"../../../Engine/Plugins/2D/Paper2D/Content/MaskedUnlitSpriteMaterial.uasset" 312
"../../../Engine/Plugins/Media/MediaCompositing/Content/DefaultMediaPlaneMaterial.uasset" 313
"../../../Paixonyte/Content/Mannequin/Animations/ThirdPerson_Jump.uasset" 314
"../../../Paixonyte/Content/Mannequin/Animations/ThirdPersonJump_Loop.uasset" 315
"../../../Paixonyte/Content/Mannequin/Animations/ThirdPersonJump_Start.uasset" 316
"../../../Paixonyte/Content/Mannequin/Animations/ThirdPersonIdle.uasset" 317
"../../../Paixonyte/Content/Mannequin/Animations/ThirdPersonRun.uasset" 318
"../../../Paixonyte/Content/Mannequin/Animations/ThirdPersonWalk.uasset" 319
"../../../Paixonyte/Content/Mannequin/Animations/ThirdPerson_IdleRun_2D.uasset" 320
"../../../Engine/Content/EditorBlueprintResources/StandardMacros.uasset" 321
"../../../Paixonyte/Content/Mannequin/Animations/ThirdPerson_AnimBP.uasset" 322
"../../../Engine/Content/Functions/MaterialLayerFunctions/MatLayerBlend_NormalBlend.uasset" 323
"../../../Engine/Content/Functions/MaterialLayerFunctions/MatLayerBlend_Simple.uasset" 324
"../../../Paixonyte/Content/Mannequin/Character/Materials/MaterialLayers/T_ML_Rubber_Blue_01_D.uasset" 325
"../../../Paixonyte/Content/Mannequin/Character/Materials/MaterialLayers/T_ML_Rubber_Blue_01_N.uasset" 326
"../../../Paixonyte/Content/Mannequin/Character/Materials/MaterialLayers/ML_GlossyBlack_Latex_UE4.uasset" 327
"../../../Paixonyte/Content/Mannequin/Character/Materials/MaterialLayers/ML_Plastic_Shiny_Beige.uasset" 328
"../../../Paixonyte/Content/Mannequin/Character/Textures/UE4_LOGO_CARD.uasset" 329
"../../../Paixonyte/Content/Mannequin/Character/Materials/MaterialLayers/ML_Plastic_Shiny_Beige_LOGO.uasset" 330
"../../../Paixonyte/Content/Mannequin/Character/Materials/MaterialLayers/T_ML_Aluminum01.uasset" 331
"../../../Paixonyte/Content/Mannequin/Character/Materials/MaterialLayers/T_ML_Aluminum01_N.uasset" 332
"../../../Paixonyte/Content/Mannequin/Character/Materials/MaterialLayers/ML_SoftMetal_UE4.uasset" 333
"../../../Paixonyte/Content/Mannequin/Character/Textures/UE4_Mannequin__normals.uasset" 334
"../../../Paixonyte/Content/Mannequin/Character/Textures/UE4_Mannequin_MAT_MASKA.uasset" 335
"../../../Paixonyte/Content/StarterContent/Textures/T_Fire_Tiled_D.uasset" 336
"../../../Paixonyte/Content/Mannequin/Character/Materials/M_UE4Man_Body.uasset" 337
"../../../Paixonyte/Content/Mannequin/Character/Textures/UE4Man_Logo_N.uasset" 338
"../../../Paixonyte/Content/Mannequin/Character/Materials/M_UE4Man_ChestLogo.uasset" 339
"../../../Paixonyte/Content/Mannequin/Character/Mesh/SK_Mannequin_PhysicsAsset.uasset" 340
"../../../Paixonyte/Content/Mannequin/Character/Mesh/SK_Mannequin.uasset" 341
"../../../Paixonyte/Content/TopDownBP/Blueprints/TopDownCharacter.uasset" 342
"../../../Paixonyte/Content/Level_BuiltData.uasset" 343
"../../../Paixonyte/Content/Geometry/Meshes/TemplateFloor.uasset" 344
"../../../Paixonyte/Content/Level.umap" 345
"../../../Paixonyte/Content/StartScreen/StartScreen_BuiltData.uasset" 346
"../../../Paixonyte/Content/StartScreen/LOGO-PAIXONYTE-7.uasset" 347
"../../../Paixonyte/Content/StartScreen/StartScreenWidget.uasset" 348
"../../../Paixonyte/Content/StartScreen/StartScreen.umap" 349
"../../../Paixonyte/Content/StarterContent/Blueprints/Assets/FogBrightnessLUT.uasset" 350
"../../../Paixonyte/Content/StarterContent/Blueprints/Assets/SunlightColorLUT.uasset" 351
"../../../Paixonyte/Content/StarterContent/Blueprints/Assets/M_LightStage_Arrows.uasset" 352
"../../../Engine/Content/MapTemplates/Sky/DaylightAmbientCubemap.uasset" 353
"../../../Paixonyte/Content/StarterContent/Blueprints/Assets/M_LightStage_Skybox_Master.uasset" 354
"../../../Paixonyte/Content/StarterContent/Blueprints/Assets/M_LightStage_Skybox_Black.uasset" 355
"../../../Paixonyte/Content/StarterContent/Blueprints/Assets/M_LightStage_Skybox_HDRI.uasset" 356
"../../../Engine/Content/EditorMaterials/Thumbnails/SkySphereMaterial.uasset" 357
"../../../Paixonyte/Content/StarterContent/Blueprints/Assets/Skybox.uasset" 358
"../../../Paixonyte/Content/StarterContent/Blueprints/Assets/SM_Arrows.uasset" 359
"../../../Paixonyte/Content/StarterContent/HDRI/HDRI_Epic_Courtyard_Daylight.uasset" 360
"../../../Paixonyte/Content/StarterContent/Blueprints/BP_LightStudio.uasset" 361
"../../../Paixonyte/Content/StarterContent/Maps/Advanced_Lighting_BuiltData.uasset" 362
"../../../Paixonyte/Content/StarterContent/Materials/M_AssetPlatform.uasset" 363
"../../../Engine/Content/EditorMeshes/ColorCalibrator/M_ChromeBall.uasset" 364
"../../../Engine/Content/EditorMeshes/ColorCalibrator/M_ClearCoat.uasset" 365
"../../../Engine/Content/EditorMeshes/ColorCalibrator/M_ClearCoatBlack.uasset" 366
"../../../Engine/Content/EditorMeshes/ColorCalibrator/Color_checker.uasset" 367
"../../../Engine/Content/EditorMeshes/ColorCalibrator/M_ColorGrid.uasset" 368
"../../../Engine/Content/EditorMeshes/ColorCalibrator/M_GreyBall.uasset" 369
"../../../Engine/Content/EditorMeshes/ColorCalibrator/SM_ColorCalibrator.uasset" 370
"../../../Paixonyte/Content/StarterContent/Architecture/SM_AssetPlatform.uasset" 371
"../../../Paixonyte/Content/StarterContent/Maps/Advanced_Lighting.umap" 372
"../../../Paixonyte/Content/StarterContent/Audio/Fire01_Cue.uasset" 373
"../../../Paixonyte/Content/StarterContent/Textures/T_Fire_SubUV.uasset" 374
"../../../Paixonyte/Content/StarterContent/Particles/Materials/M_Fire_SubUV.uasset" 375
"../../../Paixonyte/Content/StarterContent/Textures/T_Water_N.uasset" 376
"../../../Paixonyte/Content/StarterContent/Particles/Materials/M_Heat_Distortion.uasset" 377
"../../../Paixonyte/Content/StarterContent/Particles/Materials/M_Radial_Gradient.uasset" 378
"../../../Paixonyte/Content/StarterContent/Particles/P_Fire.uasset" 379
"../../../Paixonyte/Content/StarterContent/Blueprints/Blueprint_Effect_Fire.uasset" 380
"../../../Paixonyte/Content/StarterContent/Audio/Smoke01_Cue.uasset" 381
"../../../Paixonyte/Content/StarterContent/Particles/P_Smoke.uasset" 382
"../../../Paixonyte/Content/StarterContent/Blueprints/Blueprint_Effect_Smoke.uasset" 383
"../../../Paixonyte/Content/StarterContent/Audio/Fire_Sparks01_Cue.uasset" 384
"../../../Paixonyte/Content/StarterContent/Textures/T_Spark_Core.uasset" 385
"../../../Paixonyte/Content/StarterContent/Particles/Materials/M_Spark.uasset" 386
"../../../Paixonyte/Content/StarterContent/Particles/P_Sparks.uasset" 387
"../../../Paixonyte/Content/StarterContent/Blueprints/Blueprint_Effect_Sparks.uasset" 388
"../../../Paixonyte/Content/StarterContent/Audio/Steam01_Cue.uasset" 389
"../../../Paixonyte/Content/StarterContent/Particles/P_Steam_Lit.uasset" 390
"../../../Paixonyte/Content/StarterContent/Blueprints/Blueprint_Effect_Steam.uasset" 391
"../../../Engine/Content/EngineSky/C_Sky_Cloud_Color.uasset" 392
"../../../Engine/Content/EngineSky/C_Sky_Horizon_Color.uasset" 393
"../../../Engine/Content/EngineSky/C_Sky_Zenith_Color.uasset" 394
"../../../Engine/Content/EngineSky/T_Sky_Blue.uasset" 395
"../../../Engine/Content/EngineSky/T_Sky_Clouds_M.uasset" 396
"../../../Engine/Content/EngineSky/T_Sky_Stars.uasset" 397
"../../../Engine/Content/EngineSky/M_Sky_Panning_Clouds2.uasset" 398
"../../../Engine/Content/EngineSky/SM_SkySphere.uasset" 399
"../../../Engine/Content/EngineSky/BP_Sky_Sphere.uasset" 400
"../../../Paixonyte/Content/StarterContent/Textures/T_Lamp_M.uasset" 401
"../../../Paixonyte/Content/StarterContent/Textures/T_Lamp_N.uasset" 402
"../../../Paixonyte/Content/StarterContent/Props/Materials/M_Lamp.uasset" 403
"../../../Paixonyte/Content/StarterContent/Props/SM_Lamp_Ceiling.uasset" 404
"../../../Paixonyte/Content/StarterContent/Blueprints/Blueprint_CeilingLight.uasset" 405
"../../../Paixonyte/Content/StarterContent/Props/SM_Lamp_Wall.uasset" 406
"../../../Paixonyte/Content/StarterContent/Blueprints/Blueprint_WallSconce.uasset" 407
"../../../Paixonyte/Content/StarterContent/Maps/StarterMap_BuiltData.uasset" 408
"../../../Engine/Content/Functions/Engine_MaterialFunctions03/Procedurals/ComputeFilterWidth.uasset" 409
"../../../Engine/Content/EngineMaterials/AntiAliasedTextMaterialTranslucent.uasset" 410
"../../../Paixonyte/Content/StarterContent/Textures/T_Brick_Clay_Beveled_D.uasset" 411
"../../../Paixonyte/Content/StarterContent/Textures/T_Brick_Clay_Beveled_M.uasset" 412
"../../../Paixonyte/Content/StarterContent/Textures/T_Brick_Clay_Beveled_N.uasset" 413
"../../../Paixonyte/Content/StarterContent/Textures/T_MacroVariation.uasset" 414
"../../../Paixonyte/Content/StarterContent/Materials/M_Brick_Clay_Beveled.uasset" 415
"../../../Paixonyte/Content/StarterContent/Textures/T_Brick_Clay_New_D.uasset" 416
"../../../Paixonyte/Content/StarterContent/Textures/T_Brick_Clay_New_M.uasset" 417
"../../../Paixonyte/Content/StarterContent/Textures/T_Brick_Clay_New_N.uasset" 418
"../../../Paixonyte/Content/StarterContent/Materials/M_Brick_Clay_New.uasset" 419
"../../../Paixonyte/Content/StarterContent/Textures/T_Brick_Clay_Old_D.uasset" 420
"../../../Paixonyte/Content/StarterContent/Textures/T_Brick_Clay_Old_N.uasset" 421
"../../../Paixonyte/Content/StarterContent/Textures/T_Perlin_Noise_M.uasset" 422
"../../../Paixonyte/Content/StarterContent/Materials/M_Brick_Clay_Old.uasset" 423
"../../../Paixonyte/Content/StarterContent/Textures/T_Brick_Cut_Stone_D.uasset" 424
"../../../Paixonyte/Content/StarterContent/Textures/T_Brick_Cut_Stone_N.uasset" 425
"../../../Paixonyte/Content/StarterContent/Materials/M_Brick_Cut_Stone.uasset" 426
"../../../Paixonyte/Content/StarterContent/Textures/T_Brick_Hewn_Stone_D.uasset" 427
"../../../Paixonyte/Content/StarterContent/Textures/T_Brick_Hewn_Stone_M.uasset" 428
"../../../Paixonyte/Content/StarterContent/Textures/T_Brick_Hewn_Stone_N.uasset" 429
"../../../Paixonyte/Content/StarterContent/Materials/M_Brick_Hewn_Stone.uasset" 430
"../../../Paixonyte/Content/StarterContent/Textures/T_Ceramic_Tile_M.uasset" 431
"../../../Paixonyte/Content/StarterContent/Textures/T_Ceramic_Tile_N.uasset" 432
"../../../Paixonyte/Content/StarterContent/Textures/T_Rock_Marble_Polished_D.uasset" 433
"../../../Paixonyte/Content/StarterContent/Materials/M_Ceramic_Tile_Checker.uasset" 434
"../../../Paixonyte/Content/StarterContent/Textures/T_CobbleStone_Pebble_D.uasset" 435
"../../../Paixonyte/Content/StarterContent/Textures/T_CobbleStone_Pebble_M.uasset" 436
"../../../Paixonyte/Content/StarterContent/Textures/T_CobbleStone_Pebble_N.uasset" 437
"../../../Paixonyte/Content/StarterContent/Materials/M_CobbleStone_Pebble.uasset" 438
"../../../Paixonyte/Content/StarterContent/Textures/T_CobbleStone_Rough_D.uasset" 439
"../../../Paixonyte/Content/StarterContent/Textures/T_CobbleStone_Rough_N.uasset" 440
"../../../Paixonyte/Content/StarterContent/Textures/T_Gradinet_01.uasset" 441
"../../../Paixonyte/Content/StarterContent/Textures/T_Rock_Smooth_Granite_D.uasset" 442
"../../../Paixonyte/Content/StarterContent/Materials/M_CobbleStone_Rough.uasset" 443
"../../../Paixonyte/Content/StarterContent/Textures/T_CobbleStone_Smooth_D.uasset" 444
"../../../Paixonyte/Content/StarterContent/Textures/T_CobbleStone_Smooth_M.uasset" 445
"../../../Paixonyte/Content/StarterContent/Textures/T_CobbleStone_Smooth_N.uasset" 446
"../../../Paixonyte/Content/StarterContent/Materials/M_CobbleStone_Smooth.uasset" 447
"../../../Paixonyte/Content/StarterContent/Textures/T_Concrete_Grime_D.uasset" 448
"../../../Paixonyte/Content/StarterContent/Textures/T_Metal_Rust_N.uasset" 449
"../../../Paixonyte/Content/StarterContent/Materials/M_Concrete_Grime.uasset" 450
"../../../Paixonyte/Content/StarterContent/Textures/T_Concrete_Panels_D.uasset" 451
"../../../Paixonyte/Content/StarterContent/Textures/T_Concrete_Panels_N.uasset" 452
"../../../Paixonyte/Content/StarterContent/Materials/M_Concrete_Panels.uasset" 453
"../../../Paixonyte/Content/StarterContent/Textures/T_Concrete_Poured_D.uasset" 454
"../../../Paixonyte/Content/StarterContent/Textures/T_Concrete_Poured_N.uasset" 455
"../../../Paixonyte/Content/StarterContent/Materials/M_Concrete_Poured.uasset" 456
"../../../Paixonyte/Content/StarterContent/Textures/T_Concrete_Tiles_D.uasset" 457
"../../../Paixonyte/Content/StarterContent/Textures/T_Concrete_Tiles_M.uasset" 458
"../../../Paixonyte/Content/StarterContent/Textures/T_Concrete_Tiles_N.uasset" 459
"../../../Paixonyte/Content/StarterContent/Textures/T_Concrete_Tiles_Variation_M.uasset" 460
"../../../Paixonyte/Content/StarterContent/Materials/M_Concrete_Tiles.uasset" 461
"../../../Paixonyte/Content/StarterContent/Textures/T_Ground_Grass_D.uasset" 462
"../../../Paixonyte/Content/StarterContent/Textures/T_Ground_Grass_N.uasset" 463
"../../../Paixonyte/Content/StarterContent/Materials/M_Ground_Grass.uasset" 464
"../../../Paixonyte/Content/StarterContent/Textures/T_Ground_Gravel_D.uasset" 465
"../../../Paixonyte/Content/StarterContent/Textures/T_Ground_Gravel_N.uasset" 466
"../../../Paixonyte/Content/StarterContent/Materials/M_Ground_Gravel.uasset" 467
"../../../Paixonyte/Content/StarterContent/Textures/T_ground_Moss_D.uasset" 468
"../../../Paixonyte/Content/StarterContent/Textures/T_Ground_Moss_N.uasset" 469
"../../../Paixonyte/Content/StarterContent/Materials/M_Ground_Moss.uasset" 470
"../../../Paixonyte/Content/StarterContent/Materials/M_Metal_Brushed_Nickel.uasset" 471
"../../../Paixonyte/Content/StarterContent/Textures/T_Metal_Aluminum_D.uasset" 472
"../../../Paixonyte/Content/StarterContent/Textures/T_Metal_Gold_N.uasset" 473
"../../../Paixonyte/Content/StarterContent/Materials/M_Metal_Burnished_Steel.uasset" 474
"../../../Paixonyte/Content/StarterContent/Materials/M_Metal_Chrome.uasset" 475
"../../../Paixonyte/Content/StarterContent/Textures/T_Metal_Copper_D.uasset" 476
"../../../Paixonyte/Content/StarterContent/Materials/M_Metal_Copper.uasset" 477
"../../../Paixonyte/Content/StarterContent/Textures/T_Metal_Gold_D.uasset" 478
"../../../Paixonyte/Content/StarterContent/Materials/M_Metal_Gold.uasset" 479
"../../../Paixonyte/Content/StarterContent/Textures/T_Metal_Rust_D.uasset" 480
"../../../Paixonyte/Content/StarterContent/Materials/M_Metal_Rust.uasset" 481
"../../../Paixonyte/Content/StarterContent/Textures/T_Metal_Steel_D.uasset" 482
"../../../Paixonyte/Content/StarterContent/Textures/T_Metal_Steel_N.uasset" 483
"../../../Paixonyte/Content/StarterContent/Materials/M_Metal_Steel.uasset" 484
"../../../Paixonyte/Content/StarterContent/Textures/T_Rock_Basalt_N.uasset" 485
"../../../Paixonyte/Content/StarterContent/Materials/M_Rock_Basalt.uasset" 486
"../../../Paixonyte/Content/StarterContent/Materials/M_Rock_Marble_Polished.uasset" 487
"../../../Paixonyte/Content/StarterContent/Textures/T_Rock_Sandstone_D.uasset" 488
"../../../Paixonyte/Content/StarterContent/Textures/T_Rock_Sandstone_N.uasset" 489
"../../../Paixonyte/Content/StarterContent/Materials/M_Rock_Sandstone.uasset" 490
"../../../Paixonyte/Content/StarterContent/Textures/T_Rock_Slate_D.uasset" 491
"../../../Paixonyte/Content/StarterContent/Textures/T_Rock_Slate_N.uasset" 492
"../../../Paixonyte/Content/StarterContent/Materials/M_Rock_Slate.uasset" 493
"../../../Paixonyte/Content/StarterContent/Textures/T_Checker_Noise_M.uasset" 494
"../../../Paixonyte/Content/StarterContent/Textures/T_Single_Tile_N.uasset" 495
"../../../Paixonyte/Content/StarterContent/Textures/T_Tech_Dot_M.uasset" 496
"../../../Paixonyte/Content/StarterContent/Textures/T_Tech_Dot_N.uasset" 497
"../../../Paixonyte/Content/StarterContent/Materials/M_Tech_Checker_Dot.uasset" 498
"../../../Paixonyte/Content/StarterContent/Textures/T_Tech_Hex_Tile_M.uasset" 499
"../../../Paixonyte/Content/StarterContent/Textures/T_Tech_Hex_Tile_N.uasset" 500
"../../../Paixonyte/Content/StarterContent/Materials/M_Tech_Hex_Tile.uasset" 501
"../../../Paixonyte/Content/StarterContent/Materials/M_Tech_Hex_Tile_Pulse.uasset" 502
"../../../Paixonyte/Content/StarterContent/Textures/T_Tech_Panel_M.uasset" 503
"../../../Paixonyte/Content/StarterContent/Textures/T_Tech_Panel_N.uasset" 504
"../../../Paixonyte/Content/StarterContent/Materials/M_Tech_Panel.uasset" 505
"../../../Paixonyte/Content/StarterContent/Materials/M_Water_Lake.uasset" 506
"../../../Paixonyte/Content/StarterContent/Textures/T_Water_M.uasset" 507
"../../../Paixonyte/Content/StarterContent/Materials/M_Water_Ocean.uasset" 508
"../../../Paixonyte/Content/StarterContent/Textures/T_Wood_Floor_Walnut_D.uasset" 509
"../../../Paixonyte/Content/StarterContent/Textures/T_Wood_Floor_Walnut_M.uasset" 510
"../../../Paixonyte/Content/StarterContent/Textures/T_Wood_Floor_Walnut_N.uasset" 511
"../../../Paixonyte/Content/StarterContent/Materials/M_Wood_Floor_Walnut_Polished.uasset" 512
"../../../Engine/Content/Functions/Engine_MaterialFunctions01/Opacity/AlphaOffset.uasset" 513
"../../../Paixonyte/Content/StarterContent/Materials/M_Wood_Floor_Walnut_Worn.uasset" 514
"../../../Paixonyte/Content/StarterContent/Textures/T_Wood_Oak_D.uasset" 515
"../../../Paixonyte/Content/StarterContent/Textures/T_Wood_Oak_N.uasset" 516
"../../../Paixonyte/Content/StarterContent/Materials/M_Wood_Oak.uasset" 517
"../../../Paixonyte/Content/StarterContent/Textures/T_Wood_Pine_D.uasset" 518
"../../../Paixonyte/Content/StarterContent/Textures/T_Wood_Pine_N.uasset" 519
"../../../Paixonyte/Content/StarterContent/Materials/M_Wood_Pine.uasset" 520
"../../../Paixonyte/Content/StarterContent/Textures/T_Wood_Walnut_D.uasset" 521
"../../../Paixonyte/Content/StarterContent/Textures/T_Wood_Walnut_N.uasset" 522
"../../../Paixonyte/Content/StarterContent/Materials/M_Wood_Walnut.uasset" 523
"../../../Paixonyte/Content/StarterContent/Architecture/Floor_400x400.uasset" 524
"../../../Paixonyte/Content/StarterContent/Architecture/Wall_400x200.uasset" 525
"../../../Paixonyte/Content/StarterContent/Architecture/Wall_Door_400x300.uasset" 526
"../../../Paixonyte/Content/StarterContent/Architecture/Wall_Window_400x300.uasset" 527
"../../../Paixonyte/Content/StarterContent/Audio/Collapse_Cue.uasset" 528
"../../../Paixonyte/Content/StarterContent/Audio/Starter_Background_Cue.uasset" 529
"../../../Paixonyte/Content/StarterContent/Audio/Starter_Music_Cue.uasset" 530
"../../../Paixonyte/Content/StarterContent/Textures/T_Dust_Particle_D.uasset" 531
"../../../Paixonyte/Content/StarterContent/Particles/Materials/M_Dust_Particle.uasset" 532
"../../../Paixonyte/Content/StarterContent/Particles/P_Ambient_Dust.uasset" 533
"../../../Paixonyte/Content/StarterContent/Props/MaterialSphere.uasset" 534
"../../../Paixonyte/Content/StarterContent/Props/SM_Chair.uasset" 535
"../../../Paixonyte/Content/StarterContent/Textures/T_Frame_M.uasset" 536
"../../../Paixonyte/Content/StarterContent/Textures/T_Frame_N.uasset" 537
"../../../Paixonyte/Content/StarterContent/Props/Materials/M_Frame.uasset" 538
"../../../Paixonyte/Content/StarterContent/Props/SM_CornerFrame.uasset" 539
"../../../Paixonyte/Content/StarterContent/Props/SM_DoorFrame.uasset" 540
"../../../Paixonyte/Content/StarterContent/Props/SM_GlassWindow.uasset" 541
"../../../Paixonyte/Content/StarterContent/Props/SM_PillarFrame.uasset" 542
"../../../Paixonyte/Content/StarterContent/Props/SM_PillarFrame300.uasset" 543
"../../../Paixonyte/Content/StarterContent/Textures/T_Statue_M.uasset" 544
"../../../Paixonyte/Content/StarterContent/Textures/T_Statue_N.uasset" 545
"../../../Paixonyte/Content/StarterContent/Props/Materials/M_Statue.uasset" 546
"../../../Paixonyte/Content/StarterContent/Props/Materials/M_StatueGlass.uasset" 547
"../../../Paixonyte/Content/StarterContent/Props/SM_Statue.uasset" 548
"../../../Paixonyte/Content/StarterContent/Textures/T_TableRound_M.uasset" 549
"../../../Paixonyte/Content/StarterContent/Textures/T_TableRound_N.uasset" 550
"../../../Paixonyte/Content/StarterContent/Props/Materials/M_TableRound.uasset" 551
"../../../Paixonyte/Content/StarterContent/Props/SM_TableRound.uasset" 552
"../../../Paixonyte/Content/StarterContent/Props/SM_WindowFrame.uasset" 553
"../../../Paixonyte/Content/StarterContent/Shapes/Shape_Cube.uasset" 554
"../../../Paixonyte/Content/StarterContent/Shapes/Shape_QuadPyramid.uasset" 555
"../../../Paixonyte/Content/StarterContent/Shapes/Shape_Sphere.uasset" 556
"../../../Paixonyte/Content/StarterContent/Maps/StarterMap.umap" 557
"../../../Paixonyte/Content/StarterContent/Maps/Minimal_Default_BuiltData.uasset" 558
"../../../Paixonyte/Content/StarterContent/Maps/Minimal_Default.umap" 559
"../../../Paixonyte/Content/ISeeYou.uasset" 560
"../../../Paixonyte/Content/TopDownBP/Blueprints/Enemy.uasset" 561
"../../../Paixonyte/Content/TopDownBP/Blueprints/Buttons.uasset" 562
"../../../Paixonyte/Content/Lockers/Crush_Locker_Blueprint.uasset" 563
"../../../Paixonyte/Content/Lockers/Locker_Blueprint_2.uasset" 564
"../../../Paixonyte/Content/m_lockers.uasset" 565
"../../../Paixonyte/Content/Lo.uasset" 566
"../../../Paixonyte/Content/pCube4.uasset" 567
"../../../Paixonyte/Content/FbxScene_lockers.uasset" 568
"../../../Paixonyte/Content/wall1_1001_BaseColor.uasset" 569
"../../../Paixonyte/Content/Wa.uasset" 570
"../../../Paixonyte/Content/wall1_1.uasset" 571
"../../../Paixonyte/Content/FbxScene_wall1.uasset" 572
"../../../Paixonyte/Content/Puzzle/VerticalBlockMaterial.uasset" 573
"../../../Engine/Content/BasicShapes/Cube.uasset" 574
"../../../Paixonyte/Content/Puzzle/VerticalBlock.uasset" 575
"../../../Paixonyte/Content/Puzzle/GoalBlockMaterial.uasset" 576
"../../../Paixonyte/Content/Puzzle/GoalBlock.uasset" 577
"../../../Paixonyte/Content/Puzzle/HorizontalBlockMaterial.uasset" 578
"../../../Paixonyte/Content/Puzzle/HorizontalBlock.uasset" 579
"../../../Paixonyte/Content/Geometry/Meshes/1M_Cube.uasset" 580
"../../../Paixonyte/Content/Puzzle/Puzzle_Blueprint.uasset" 581
"../../../Paixonyte/Content/TopDownBP/Blueprints/TopDownController.uasset" 582
"../../../Paixonyte/Content/TopDownBP/Blueprints/TopDownGameMode.uasset" 583
"../../../Paixonyte/Content/Lockers/hallway_lockers-CarrollSeating.uasset" 584
"../../../Paixonyte/Content/Lockers/Crush_Locker_Widget.uasset" 585
"../../../Paixonyte/Content/TopDownBP/Maps/TopDownExampleMap_BuiltData.uasset" 586
"../../../Paixonyte/Content/m_floor.uasset" 587
"../../../Paixonyte/Content/Fl.uasset" 588
"../../../Paixonyte/Content/chair_1001_BaseColor.uasset" 589
"../../../Paixonyte/Content/Cadeira.uasset" 590
"../../../Paixonyte/Content/chair.uasset" 591
"../../../Paixonyte/Content/CongratulationsWidget.uasset" 592
"../../../Paixonyte/Content/litterbin.uasset" 593
"../../../Paixonyte/Content/Lockers/Locker_Widget_2.uasset" 594
"../../../Paixonyte/Content/_Official_Video__Dance_of_the_Sugar_Plum_Fairy_-_Pentatonix.uasset" 595
"../../../Paixonyte/Content/NewSoundCue.uasset" 596
"../../../Paixonyte/Content/Puzzle/TImerWidget.uasset" 597
"../../../Paixonyte/Content/tree_1001_BaseColor.uasset" 598
"../../../Paixonyte/Content/ARvore.uasset" 599
"../../../Paixonyte/Content/tree.uasset" 600
"../../../Paixonyte/Content/TopDownBP/Maps/TopDownExampleMap.umap" 601
"../../../Engine/Content/Maps/Entry.umap" 602
